output values: 
[[[ 0.0131732  -0.00377305 -0.02718496]
  [ 0.03374781 -0.02392199 -0.05749243]
  [ 0.04528559 -0.03071244 -0.0821951 ]
  [ 0.04287182 -0.02836113 -0.09209434]]]
internal states: 
LSTMStateTuple(c=array([[ 0.08307402, -0.05846272, -0.19460148]], dtype=float32), h=array([[ 0.04287182, -0.02836113, -0.09209434]], dtype=float32))
vprint(w) -0.39687735 -0.40592682 -0.42904815 0.50429463 -0.54080701 -0.48903161 -0.45301664 0.10937876 0.20105904 -0.39826262 0.079251826 0.46263397 0.25189269 -0.48228902 -0.46786976 -0.13489252 0.35144562 -0.21764049 0.21998453 -0.013631761 -0.50688636 0.47225821 -0.36776191 -0.24370086 0.18596715 -0.44216758 0.11912596 0.14606142 -0.096331835 -0.34240434 0.55735075 0.046815455 0.46727157 -0.53542608 -0.10974261 -0.32612601 -0.54312229 -0.49310607 -0.079664111 -0.293432 0.53597736 0.55381894 0.17286611 -0.54455841 0.29776251 -0.27683371 0.19631094 0.48084342 0.0047169328 0.53292072 -0.1933451 -0.02614069 0.47432721 0.31879508 0.18398303 -0.27903312 -0.23031756 -0.078818262 -0.45676121 0.47193766 
vprint(r) -0.013503399 -0.15452338 -0.15535866 0.052373307 -0.016840561 -0.1170532 -0.028257425 0.014331033 -0.065286485 0.028189326 -0.057675457 0.025235296 
vprint(new_c) 0.025986096 -0.0077702722 -0.053744184 
vprint(y_pred) 0.013173204 -0.0037730527 -0.027184967 
vprint(w) -0.39687735 -0.40592682 -0.42904815 0.50429463 -0.54080701 -0.48903161 -0.45301664 0.10937876 0.20105904 -0.39826262 0.079251826 0.46263397 0.25189269 -0.48228902 -0.46786976 -0.13489252 0.35144562 -0.21764049 0.21998453 -0.013631761 -0.50688636 0.47225821 -0.36776191 -0.24370086 0.18596715 -0.44216758 0.11912596 0.14606142 -0.096331835 -0.34240434 0.55735075 0.046815455 0.46727157 -0.53542608 -0.10974261 -0.32612601 -0.54312229 -0.49310607 -0.079664111 -0.293432 0.53597736 0.55381894 0.17286611 -0.54455841 0.29776251 -0.27683371 0.19631094 0.48084342 0.0047169328 0.53292072 -0.1933451 -0.02614069 0.47432721 0.31879508 0.18398303 -0.27903312 -0.23031756 -0.078818262 -0.45676121 0.47193766 
vprint(r) -0.053662232 -0.18084803 -0.1586869 0.10326907 -0.094122542 -0.16030578 -0.073958946 0.034019764 -0.012124289 -0.031536574 -0.022389708 0.05566089 
vprint(new_c) 0.068684681 -0.048423455 -0.11234248 
vprint(y_pred) 0.033747813 -0.023921997 -0.057492441 
vprint(w) -0.39687735 -0.40592682 -0.42904815 0.50429463 -0.54080701 -0.48903161 -0.45301664 0.10937876 0.20105904 -0.39826262 0.079251826 0.46263397 0.25189269 -0.48228902 -0.46786976 -0.13489252 0.35144562 -0.21764049 0.21998453 -0.013631761 -0.50688636 0.47225821 -0.36776191 -0.24370086 0.18596715 -0.44216758 0.11912596 0.14606142 -0.096331835 -0.34240434 0.55735075 0.046815455 0.46727157 -0.53542608 -0.10974261 -0.32612601 -0.54312229 -0.49310607 -0.079664111 -0.293432 0.53597736 0.55381894 0.17286611 -0.54455841 0.29776251 -0.27683371 0.19631094 0.48084342 0.0047169328 0.53292072 -0.1933451 -0.02614069 0.47432721 0.31879508 0.18398303 -0.27903312 -0.23031756 -0.078818262 -0.45676121 0.47193766 
vprint(r) 0.0035865273 -0.23384415 -0.18399874 0.079161336 -0.062299214 -0.19365279 -0.030318411 0.048793609 -0.064783643 0.032294268 -0.058142432 -0.019240606 
vprint(new_c) 0.08936927 -0.063348142 -0.16753715 
vprint(y_pred) 0.045285602 -0.030712455 -0.08219512 
vprint(w) -0.39687735 -0.40592682 -0.42904815 0.50429463 -0.54080701 -0.48903161 -0.45301664 0.10937876 0.20105904 -0.39826262 0.079251826 0.46263397 0.25189269 -0.48228902 -0.46786976 -0.13489252 0.35144562 -0.21764049 0.21998453 -0.013631761 -0.50688636 0.47225821 -0.36776191 -0.24370086 0.18596715 -0.44216758 0.11912596 0.14606142 -0.096331835 -0.34240434 0.55735075 0.046815455 0.46727157 -0.53542608 -0.10974261 -0.32612601 -0.54312229 -0.49310607 -0.079664111 -0.293432 0.53597736 0.55381894 0.17286611 -0.54455841 0.29776251 -0.27683371 0.19631094 0.48084342 0.0047169328 0.53292072 -0.1933451 -0.02614069 0.47432721 0.31879508 0.18398303 -0.27903312 -0.23031756 -0.078818262 -0.45676121 0.47193766 
vprint(r) 0.048183644 -0.20928467 -0.13556496 0.034154189 -0.025784194 -0.16153774 0.014746676 0.049230979 -0.07556976 0.069044919 -0.057346391 -0.083228897 
vprint(new_c) 0.083074038 -0.058462739 -0.1946015 
vprint(y_pred) 0.042871831 -0.028361138 -0.092094365 
** Generating output file gen
